<?xml version="1.0" encoding="UTF-8"?>
<!-- Generated by org.testng.reporters.JUnitXMLReporter -->
<testsuite hostname="priyas-MacBook-Pro.local" name="Surefire test" tests="1" failures="1" timestamp="30 Mar 2018 10:31:56 GMT" time="32.807" errors="0">
  <testcase name="feature" time="32.081" classname="RunCukesTest">
    <failure type="cucumber.runtime.CucumberException" message="java.lang.AssertionError: expected [RED] but found [BLUE]">
      <![CDATA[cucumber.runtime.CucumberException: java.lang.AssertionError: expected [RED] but found [BLUE]
	at cucumber.api.testng.TestNGCucumberRunner.runCucumber(TestNGCucumberRunner.java:69)
	at cucumber.api.testng.AbstractTestNGCucumberTests.feature(AbstractTestNGCucumberTests.java:21)
Caused by: java.lang.AssertionError: expected [RED] but found [BLUE]
	at cucumber.test.steps.DvlaCucumberStepDefs.read_registration_number_from_inputfolder_and_enter(DvlaCucumberStepDefs.java:70)
	at ✽.Then read registration number from inputfolder and enter registration number validate color and make then generate report(hm.feature:9)
... Removed 34 stack frames]]>
    </failure>
  </testcase> <!-- feature -->
</testsuite> <!-- Surefire test -->
