<?xml version="1.0" encoding="UTF-8"?>
<testsuite xmlns:xsi="http://www.w3.org/2001/XMLSchema-instance" xsi:noNamespaceSchemaLocation="https://maven.apache.org/surefire/maven-surefire-plugin/xsd/surefire-test-report.xsd" name="RunCukesTest" time="35.587" tests="1" errors="0" skipped="0" failures="1">
  <properties>
[...]
</properties>
  <testcase name="feature" classname="RunCukesTest" time="34.711">
    <failure message="java.lang.AssertionError: expected [RED] but found [BLUE]" type="cucumber.runtime.CucumberException">cucumber.runtime.CucumberException: java.lang.AssertionError: expected [RED] but found [BLUE]
Caused by: java.lang.AssertionError: expected [RED] but found [BLUE]
</failure>
    <system-out><![CDATA[File Name:  .DS_Store
File Size:  9
File Type:  content/unknown
File Extension:  DS_Store
File Name:  1_dvla.xlsx
File Size:  11
File Type:  content/unknown
File Extension:  xlsx
found valid files
CSV and Excel files count   : 1
File Name:  2_dvla.xlsx
File Size:  11
File Type:  content/unknown
File Extension:  xlsx
found valid files
CSV and Excel files count   : 2
File Name:  IMG_0702 copy 2.JPG
File Size:  19
File Type:  image/jpeg
File Extension:  JPG
File Name:  IMG_0702 copy.JPG
File Size:  17
File Type:  image/jpeg
File Extension:  JPG
File Name:  IMG_0702.JPG
File Size:  12
File Type:  image/jpeg
File Extension:  JPG
File Name:  pomtemp copy 2.xml
File Size:  18
File Type:  application/xml
File Extension:  xml
File Name:  pomtemp copy.xml
File Size:  16
File Type:  application/xml
File Extension:  xml
File Name:  pomtemp.xml
File Size:  11
File Type:  application/xml
File Extension:  xml
File Name:  pomtempcopy copy 2.xml
File Size:  22
File Type:  application/xml
File Extension:  xml
File Name:  pomtempcopy copy.xml
File Size:  20
File Type:  application/xml
File Extension:  xml
File Name:  pomtempcopy.xml
File Size:  15
File Type:  application/xml
File Extension:  xml
File Name:  resultsoutput
File Size:  13
File Type:  text/plain
File Extension:  
Row Count:  3
WAZ 2144
VOLKSWAGEN
WHITE
BK04VJF
MERCEDES
SILVER
N864PPL
JEEP
BLUE
Row Count:  6
WAZ 2144
VOLKSWAGEN
WHITE
BK04VJF
MERCEDES
SILVER
N864PPL
JEEP
RED
WAZ 2144
VOLKSWAGEN
WHITE
BK04VJF
MERCEDES
SILVER
N864PPL
JEEP
BLUE
Dvla File Path:   /Volumes/D Drive/Gdrive/GIThubProjects/homeofficetest/homeofficetest/src/main/resources/filesinfolder/resultsoutput/results.xlsxDvla File Path:   /Volumes/D Drive/Gdrive/GIThubProjects/homeofficetest/homeofficetest/src/main/resources/filesinfolder/resultsoutput/results.xlsxDvla File Path:   /Volumes/D Drive/Gdrive/GIThubProjects/homeofficetest/homeofficetest/src/main/resources/filesinfolder/resultsoutput/results.xlsxDvla File Path:   /Volumes/D Drive/Gdrive/GIThubProjects/homeofficetest/homeofficetest/src/main/resources/filesinfolder/resultsoutput/results.xlsxDvla File Path:   /Volumes/D Drive/Gdrive/GIThubProjects/homeofficetest/homeofficetest/src/main/resources/filesinfolder/resultsoutput/results.xlsxDvla File Path:   /Volumes/D Drive/Gdrive/GIThubProjects/homeofficetest/homeofficetest/src/main/resources/filesinfolder/resultsoutput/results.xlsxDvla File Path:   /Volumes/D Drive/Gdrive/GIThubProjects/homeofficetest/homeofficetest/src/main/resources/filesinfolder/resultsoutput/results.xlsxDvla File Path:   /Volumes/D Drive/Gdrive/GIThubProjects/homeofficetest/homeofficetest/src/main/resources/filesinfolder/resultsoutput/results.xlsxDvla File Path:   /Volumes/D Drive/Gdrive/GIThubProjects/homeofficetest/homeofficetest/src/main/resources/filesinfolder/resultsoutput/results.xlsxDvla File Path:   /Volumes/D Drive/Gdrive/GIThubProjects/homeofficetest/homeofficetest/src/main/resources/filesinfolder/resultsoutput/results.xlsxDvla File Path:   /Volumes/D Drive/Gdrive/GIThubProjects/homeofficetest/homeofficetest/src/main/resources/filesinfolder/resultsoutput/results.xlsxDvla File Path:   /Volumes/D Drive/Gdrive/GIThubProjects/homeofficetest/homeofficetest/src/main/resources/filesinfolder/resultsoutput/results.xlsxDvla File Path:   /Volumes/D Drive/Gdrive/GIThubProjects/homeofficetest/homeofficetest/src/main/resources/filesinfolder/resultsoutput/results.xlsxDvla File Path:   /Volumes/D Drive/Gdrive/GIThubProjects/homeofficetest/homeofficetest/src/main/resources/filesinfolder/resultsoutput/results.xlsxDvla File Path:   /Volumes/D Drive/Gdrive/GIThubProjects/homeofficetest/homeofficetest/src/main/resources/filesinfolder/resultsoutput/results.xlsxDvla File Path:   /Volumes/D Drive/Gdrive/GIThubProjects/homeofficetest/homeofficetest/src/main/resources/filesinfolder/resultsoutput/results.xlsxDvla File Path:   /Volumes/D Drive/Gdrive/GIThubProjects/homeofficetest/homeofficetest/src/main/resources/filesinfolder/resultsoutput/results.xlsx]]></system-out>
    <system-err><![CDATA[Starting ChromeDriver 2.37.544337 (8c0344a12e552148c185f7d5117db1f28d6c9e85) on port 13758
Only local connections are allowed.
log4j:WARN No appenders could be found for logger (org.apache.http.impl.conn.tsccm.ThreadSafeClientConnManager).
log4j:WARN Please initialize the log4j system properly.
Starting ChromeDriver 2.37.544337 (8c0344a12e552148c185f7d5117db1f28d6c9e85) on port 47001
Only local connections are allowed.
Starting ChromeDriver 2.37.544337 (8c0344a12e552148c185f7d5117db1f28d6c9e85) on port 9445
Only local connections are allowed.
Starting ChromeDriver 2.37.544337 (8c0344a12e552148c185f7d5117db1f28d6c9e85) on port 36716
Only local connections are allowed.
Starting ChromeDriver 2.37.544337 (8c0344a12e552148c185f7d5117db1f28d6c9e85) on port 23001
Only local connections are allowed.
]]></system-err>
  </testcase>
</testsuite>